usage: run_training.py [-h] [--config CONFIG]
                       [--model_type {professional,optimized,auto}]
                       [--data_path DATA_PATH] [--valid_peaks_only]
                       [--val_split VAL_SPLIT] [--base_channels BASE_CHANNELS]
                       [--n_levels N_LEVELS]
                       [--num_transformer_layers NUM_TRANSFORMER_LAYERS]
                       [--use_cross_attention] [--film_dropout FILM_DROPOUT]
                       [--num_classes NUM_CLASSES]
                       [--use_multi_scale_attention]
                       [--use_task_specific_extractors]
                       [--use_attention_skip_connections]
                       [--enable_joint_generation] [--batch_size BATCH_SIZE]
                       [--learning_rate LEARNING_RATE]
                       [--num_epochs NUM_EPOCHS] [--weight_decay WEIGHT_DECAY]
                       [--use_amp] [--patience PATIENCE]
                       [--gradient_clip_norm GRADIENT_CLIP_NORM]
                       [--use_focal_loss] [--use_class_weights]
                       [--signal_loss_weight SIGNAL_LOSS_WEIGHT]
                       [--classification_loss_weight CLASSIFICATION_LOSS_WEIGHT]
                       [--augment] [--use_balanced_sampler]
                       [--cfg_dropout_prob CFG_DROPOUT_PROB]
                       [--scheduler {cosine_warm_restarts,reduce_on_plateau,step,none}]
                       [--T_0 T_0] [--eta_min ETA_MIN]
                       [--output_dir OUTPUT_DIR]
                       [--experiment_name EXPERIMENT_NAME] [--use_wandb]
                       [--wandb_project WANDB_PROJECT]
                       [--save_every SAVE_EVERY] [--num_workers NUM_WORKERS]
                       [--random_seed RANDOM_SEED]
                       [--gpu_ids GPU_IDS [GPU_IDS ...]] [--use_cv]
                       [--cv_folds CV_FOLDS]
                       [--cv_strategy {StratifiedKFold,StratifiedGroupKFold,GroupKFold}]
                       [--resume_from RESUME_FROM] [--quick_test] [--debug]
                       [--test_architecture]
run_training.py: error: unrecognized arguments: --predict_uncertainty
