2025-08-04 22:39:24,704 - training.trainer - INFO - TensorBoard logging to: /content/logs/max_performance/tensorboard
2025-08-04 22:41:52,016 - training.trainer - INFO - W&B logging enabled
2025-08-04 22:41:52,017 - training.trainer - INFO - Mixed precision training enabled
2025-08-04 22:41:52,018 - training.trainer - INFO - ABR Trainer initialized on device: cuda
2025-08-04 22:41:52,022 - training.trainer - INFO - Model parameters: 80,298,680
2025-08-04 22:41:52,022 - training.trainer - INFO - Training samples: 38,917
2025-08-04 22:41:52,022 - training.trainer - INFO - Validation samples: 7,686
2025-08-04 22:41:52,033 - training.trainer - INFO - Starting training...
2025-08-04 22:41:52,034 - training.trainer - INFO - Training for 300 epochs
2025-08-04 22:42:46,411 - training.trainer - INFO - Step 0 - Total: 215296.0469, Signal: 3.5171, Class: 2.3068, Peak: 2.6896, PeakLat: 28615.3750, PeakAmp: 329972.3750, Thresh: 278.4269
2025-08-04 22:43:13,322 - training.trainer - INFO - Step 25 - Total: 1954295.2500, Signal: 3.7452, Class: 1.9827, Peak: 2.6550, PeakLat: 181.5909, PeakAmp: 3256742.7500, Thresh: 272.8898
2025-08-04 22:43:13,858 - training.trainer - INFO - Step 25 - Total: 23176.3164, Signal: 3.9187, Class: 2.4942, Peak: 2.0113, PeakLat: 11.4407, PeakAmp: 38370.0312, Thresh: 286.1999
2025-08-04 22:43:41,578 - training.trainer - INFO - Step 50 - Total: 97.7399, Signal: 4.0632, Class: 2.4799, Peak: 1.5877, PeakLat: 3.2086, PeakAmp: 2.6980, Thresh: 179.8150
2025-08-04 22:43:42,114 - training.trainer - INFO - Step 50 - Total: 107.7810, Signal: 3.5752, Class: 2.1519, Peak: 1.7299, PeakLat: 3.2020, PeakAmp: 2.7625, Thresh: 200.7365
2025-08-04 22:44:10,248 - training.trainer - INFO - Step 75 - Total: 60.2234, Signal: 3.3804, Class: 1.2377, Peak: 1.1632, PeakLat: 3.0240, PeakAmp: 2.8774, Thresh: 107.5464
2025-08-04 22:44:10,796 - training.trainer - INFO - Step 75 - Total: 62.3861, Signal: 3.3851, Class: 0.6889, Peak: 1.6105, PeakLat: 3.0246, PeakAmp: 2.9453, Thresh: 112.3844
2025-08-04 22:44:38,637 - training.trainer - INFO - Step 100 - Total: 61.3734, Signal: 3.7668, Class: 1.0387, Peak: 1.0851, PeakLat: 3.0941, PeakAmp: 2.9204, Thresh: 109.6621
2025-08-04 22:44:39,165 - training.trainer - INFO - Step 100 - Total: 61.8618, Signal: 3.6331, Class: 1.3018, Peak: 1.6991, PeakLat: 2.9911, PeakAmp: 3.7667, Thresh: 109.1789
2025-08-04 22:45:06,947 - training.trainer - INFO - Step 125 - Total: 66.5587, Signal: 4.3085, Class: 1.2934, Peak: 0.9227, PeakLat: 3.0588, PeakAmp: 2.9204, Thresh: 119.2324
2025-08-04 22:45:07,491 - training.trainer - INFO - Step 125 - Total: 41.8509, Signal: 4.2119, Class: 0.6330, Peak: 0.9318, PeakLat: 3.0763, PeakAmp: 2.9125, Thresh: 70.8880
2025-08-04 22:45:35,349 - training.trainer - INFO - Step 150 - Total: 61.5310, Signal: 4.6356, Class: 0.7442, Peak: 1.0563, PeakLat: 3.0795, PeakAmp: 2.9068, Thresh: 109.5982
2025-08-04 22:45:35,876 - training.trainer - INFO - Step 150 - Total: 70.0471, Signal: 4.2393, Class: 1.2335, Peak: 1.4911, PeakLat: 3.0935, PeakAmp: 5.0650, Thresh: 123.4689
2025-08-04 22:46:03,733 - training.trainer - INFO - Step 175 - Total: 50.1872, Signal: 4.4468, Class: 0.5644, Peak: 1.0026, PeakLat: 3.0619, PeakAmp: 2.9200, Thresh: 87.4014
2025-08-04 22:46:04,274 - training.trainer - INFO - Step 175 - Total: 65.4538, Signal: 4.3396, Class: 1.0957, Peak: 0.9368, PeakLat: 3.0389, PeakAmp: 2.9202, Thresh: 117.3050
2025-08-04 22:46:32,212 - training.trainer - INFO - Step 200 - Total: 68.2640, Signal: 3.8270, Class: 0.9130, Peak: 0.8249, PeakLat: 3.0284, PeakAmp: 2.9201, Thresh: 123.7808
2025-08-04 22:46:32,743 - training.trainer - INFO - Step 200 - Total: 71.5194, Signal: 3.7421, Class: 1.0424, Peak: 0.8332, PeakLat: 3.0177, PeakAmp: 2.9203, Thresh: 130.1910
2025-08-04 22:47:00,778 - training.trainer - INFO - Step 225 - Total: 62.6724, Signal: 3.6311, Class: 0.9803, Peak: 1.0625, PeakLat: 3.0869, PeakAmp: 2.9200, Thresh: 112.5037
2025-08-04 22:47:01,314 - training.trainer - INFO - Step 225 - Total: 66.7758, Signal: 3.5134, Class: 0.7146, Peak: 1.1918, PeakLat: 3.0745, PeakAmp: 2.9203, Thresh: 121.1765
2025-08-04 22:47:29,245 - training.trainer - INFO - Step 250 - Total: 74.0728, Signal: 3.7534, Class: 1.3236, Peak: 1.1035, PeakLat: 3.0689, PeakAmp: 2.9201, Thresh: 134.6683
2025-08-04 22:47:29,777 - training.trainer - INFO - Step 250 - Total: 68.8660, Signal: 3.8383, Class: 0.9736, Peak: 0.9085, PeakLat: 3.1030, PeakAmp: 2.9203, Thresh: 124.7511
2025-08-04 22:47:58,002 - training.trainer - INFO - Step 275 - Total: 57.6185, Signal: 3.8861, Class: 0.7396, Peak: 0.8904, PeakLat: 3.0275, PeakAmp: 2.9205, Thresh: 102.6589
2025-08-04 22:47:58,536 - training.trainer - INFO - Step 275 - Total: 55.8268, Signal: 4.1741, Class: 0.8730, Peak: 1.0745, PeakLat: 3.0763, PeakAmp: 2.9204, Thresh: 98.4366
2025-08-04 22:48:26,396 - training.trainer - INFO - Step 300 - Total: 59.6783, Signal: 4.2511, Class: 1.0354, Peak: 1.2694, PeakLat: 3.1161, PeakAmp: 2.9204, Thresh: 105.6740
2025-08-04 22:48:26,925 - training.trainer - INFO - Step 300 - Total: 64.4340, Signal: 4.3528, Class: 0.9063, Peak: 0.9465, PeakLat: 2.9875, PeakAmp: 2.9202, Thresh: 115.5934
2025-08-04 22:48:54,813 - training.trainer - INFO - Step 325 - Total: 48.2776, Signal: 4.2885, Class: 0.3976, Peak: 0.7993, PeakLat: 3.0308, PeakAmp: 2.9015, Thresh: 84.1517
2025-08-04 22:48:55,354 - training.trainer - INFO - Step 325 - Total: 43.3799, Signal: 4.2047, Class: 0.6853, Peak: 0.7968, PeakLat: 2.9820, PeakAmp: 2.9128, Thresh: 74.0550
2025-08-04 22:49:23,260 - training.trainer - INFO - Step 350 - Total: 44.5198, Signal: 4.2942, Class: 0.3072, Peak: 0.8108, PeakLat: 3.0521, PeakAmp: 2.9072, Thresh: 76.7281
2025-08-04 22:49:23,791 - training.trainer - INFO - Step 350 - Total: 41.8122, Signal: 4.1066, Class: 0.7798, Peak: 0.7444, PeakLat: 3.0334, PeakAmp: 2.7547, Thresh: 71.0302
2025-08-04 22:49:51,686 - training.trainer - INFO - Step 375 - Total: 52.3197, Signal: 3.6568, Class: 0.8271, Peak: 0.7075, PeakLat: 3.1093, PeakAmp: 2.9205, Thresh: 92.1525
2025-08-04 22:49:52,218 - training.trainer - INFO - Step 375 - Total: 48.7223, Signal: 4.0890, Class: 0.6173, Peak: 0.7035, PeakLat: 3.0059, PeakAmp: 2.8395, Thresh: 85.0636
2025-08-04 22:50:20,032 - training.trainer - INFO - Step 400 - Total: 51.5802, Signal: 3.8975, Class: 0.4334, Peak: 0.8368, PeakLat: 3.0447, PeakAmp: 2.9207, Thresh: 91.0360
2025-08-04 22:50:20,559 - training.trainer - INFO - Step 400 - Total: 38.6701, Signal: 3.7430, Class: 0.3033, Peak: 0.8463, PeakLat: 3.0068, PeakAmp: 2.8415, Thresh: 65.7010
2025-08-04 22:52:06,296 - training.trainer - INFO - Epoch 1/300 Summary:
2025-08-04 22:52:06,296 - training.trainer - INFO -   Train - Total: 537176.6268, Signal: 3.9560, Class: 1.1204, Peak: 1.1619, Thresh: 122.3960
2025-08-04 22:52:06,297 - training.trainer - INFO -   Val   - Total: 84.0440, Signal: 4.3096, Class: 0.4924, Peak: 0.9010, Thresh: 71.5091
2025-08-04 22:52:06,297 - training.trainer - INFO -   LR: 2.00e-04
2025-08-04 22:53:21,662 - training.trainer - INFO - Step 425 - Total: 51.4561, Signal: 3.4243, Class: 0.6194, Peak: 0.6977, PeakLat: 2.9928, PeakAmp: 2.9206, Thresh: 91.1140
2025-08-04 22:53:22,199 - training.trainer - INFO - Step 425 - Total: 39.6538, Signal: 3.7095, Class: 0.5685, Peak: 0.7764, PeakLat: 3.0346, PeakAmp: 2.9206, Thresh: 67.2111
2025-08-04 22:53:50,002 - training.trainer - INFO - Step 450 - Total: 53.3755, Signal: 3.8000, Class: 0.5436, Peak: 0.6603, PeakLat: 3.0360, PeakAmp: 2.9212, Thresh: 94.6568
2025-08-04 22:53:50,532 - training.trainer - INFO - Step 450 - Total: 50.7786, Signal: 3.9614, Class: 0.6135, Peak: 0.6810, PeakLat: 3.0183, PeakAmp: 2.9090, Thresh: 89.2221
2025-08-04 22:54:18,290 - training.trainer - INFO - Step 475 - Total: 48.6241, Signal: 4.0857, Class: 0.4827, Peak: 0.7723, PeakLat: 2.9835, PeakAmp: 2.9213, Thresh: 84.9665
2025-08-04 22:54:18,829 - training.trainer - INFO - Step 475 - Total: 62.7579, Signal: 3.9869, Class: 0.7672, Peak: 0.8966, PeakLat: 3.0001, PeakAmp: 17.9376, Thresh: 94.8046
2025-08-04 22:54:46,775 - training.trainer - INFO - Step 500 - Total: 42.9278, Signal: 3.6259, Class: 0.5367, Peak: 0.8233, PeakLat: 2.9897, PeakAmp: 2.9049, Thresh: 73.9395
2025-08-04 22:54:47,311 - training.trainer - INFO - Step 500 - Total: 53.6870, Signal: 3.8270, Class: 0.5271, Peak: 0.8564, PeakLat: 2.9943, PeakAmp: 2.9216, Thresh: 95.2291
2025-08-04 22:55:15,177 - training.trainer - INFO - Step 525 - Total: 54.6882, Signal: 4.0648, Class: 0.4679, Peak: 0.8313, PeakLat: 2.9897, PeakAmp: 2.9220, Thresh: 97.1002
2025-08-04 22:55:15,711 - training.trainer - INFO - Step 525 - Total: 37.7735, Signal: 3.9111, Class: 0.4811, Peak: 0.7750, PeakLat: 2.9689, PeakAmp: 2.8979, Thresh: 63.4868
2025-08-04 22:55:43,492 - training.trainer - INFO - Step 550 - Total: 46.6172, Signal: 3.8448, Class: 0.3234, Peak: 0.6818, PeakLat: 3.0443, PeakAmp: 2.9215, Thresh: 81.4046
2025-08-04 22:55:44,024 - training.trainer - INFO - Step 550 - Total: 60.3647, Signal: 3.6942, Class: 0.6589, Peak: 0.7342, PeakLat: 2.9912, PeakAmp: 2.9209, Thresh: 108.5853
2025-08-04 22:56:11,959 - training.trainer - INFO - Step 575 - Total: 46.7628, Signal: 3.6874, Class: 0.4326, Peak: 0.8486, PeakLat: 3.0574, PeakAmp: 2.9216, Thresh: 81.5904
2025-08-04 22:56:12,499 - training.trainer - INFO - Step 575 - Total: 49.1982, Signal: 3.8845, Class: 0.6190, Peak: 0.7761, PeakLat: 3.0165, PeakAmp: 2.9179, Thresh: 86.0741
2025-08-04 22:56:40,548 - training.trainer - INFO - Step 600 - Total: 40.1392, Signal: 4.0607, Class: 0.4728, Peak: 0.7561, PeakLat: 3.0774, PeakAmp: 2.9204, Thresh: 67.9330
2025-08-04 22:56:41,093 - training.trainer - INFO - Step 600 - Total: 44.2504, Signal: 3.8588, Class: 0.3157, Peak: 0.8188, PeakLat: 2.9942, PeakAmp: 2.9207, Thresh: 76.6612
2025-08-04 22:57:08,953 - training.trainer - INFO - Step 625 - Total: 49.6682, Signal: 3.8020, Class: 0.6215, Peak: 0.7858, PeakLat: 3.0772, PeakAmp: 2.9210, Thresh: 87.0113
2025-08-04 22:57:09,485 - training.trainer - INFO - Step 625 - Total: 38.9676, Signal: 3.6242, Class: 0.3619, Peak: 0.8156, PeakLat: 3.0711, PeakAmp: 2.9207, Thresh: 66.1702
2025-08-04 22:57:37,235 - training.trainer - INFO - Step 650 - Total: 40.4991, Signal: 3.7536, Class: 0.3812, Peak: 0.7356, PeakLat: 3.0010, PeakAmp: 2.9209, Thresh: 69.1989
2025-08-04 22:57:37,768 - training.trainer - INFO - Step 650 - Total: 33.4977, Signal: 3.6634, Class: 0.2739, Peak: 0.6202, PeakLat: 2.9939, PeakAmp: 2.9207, Thresh: 55.5137
2025-08-04 22:58:05,493 - training.trainer - INFO - Step 675 - Total: 47.6208, Signal: 3.6845, Class: 0.6487, Peak: 0.7821, PeakLat: 3.0170, PeakAmp: 2.9206, Thresh: 83.0679
2025-08-04 22:58:06,017 - training.trainer - INFO - Step 675 - Total: 46.2511, Signal: 3.7792, Class: 0.5739, Peak: 0.8417, PeakLat: 3.0066, PeakAmp: 2.9209, Thresh: 80.3283
2025-08-04 22:58:33,743 - training.trainer - INFO - Step 700 - Total: 43.6814, Signal: 3.4457, Class: 0.4881, Peak: 0.6413, PeakLat: 2.9793, PeakAmp: 2.9202, Thresh: 75.7849
2025-08-04 22:58:34,275 - training.trainer - INFO - Step 700 - Total: 35.6761, Signal: 3.6696, Class: 0.3906, Peak: 0.8994, PeakLat: 3.0512, PeakAmp: 2.9066, Thresh: 59.4977
2025-08-04 22:59:02,024 - training.trainer - INFO - Step 725 - Total: 44.7557, Signal: 3.8478, Class: 0.5388, Peak: 0.7581, PeakLat: 3.0253, PeakAmp: 2.8720, Thresh: 77.3996
2025-08-04 22:59:02,567 - training.trainer - INFO - Step 725 - Total: 47.5594, Signal: 3.8087, Class: 0.4777, Peak: 0.8048, PeakLat: 3.0070, PeakAmp: 2.8798, Thresh: 83.1270
2025-08-04 22:59:30,362 - training.trainer - INFO - Step 750 - Total: 41.3029, Signal: 3.8173, Class: 0.4157, Peak: 0.7315, PeakLat: 2.9738, PeakAmp: 2.9208, Thresh: 70.7257
2025-08-04 22:59:30,893 - training.trainer - INFO - Step 750 - Total: 41.8140, Signal: 3.7928, Class: 0.7812, Peak: 0.8714, PeakLat: 2.9839, PeakAmp: 2.9208, Thresh: 71.1421
2025-08-04 22:59:58,988 - training.trainer - INFO - Step 775 - Total: 56.6296, Signal: 3.9325, Class: 0.7678, Peak: 0.7614, PeakLat: 2.9441, PeakAmp: 2.9173, Thresh: 100.7607
2025-08-04 22:59:59,512 - training.trainer - INFO - Step 775 - Total: 44.9073, Signal: 4.0378, Class: 0.6416, Peak: 0.7223, PeakLat: 2.9655, PeakAmp: 2.8957, Thresh: 77.4199
2025-08-04 23:00:27,213 - training.trainer - INFO - Step 800 - Total: 51.4852, Signal: 4.1664, Class: 0.6867, Peak: 0.7639, PeakLat: 2.9640, PeakAmp: 2.9207, Thresh: 90.3305
2025-08-04 23:00:27,743 - training.trainer - INFO - Step 800 - Total: 50.0016, Signal: 4.0753, Class: 0.4845, Peak: 0.7484, PeakLat: 2.9601, PeakAmp: 2.9207, Thresh: 87.7699
2025-08-04 23:02:18,408 - training.trainer - INFO - Epoch 2/300 Summary:
2025-08-04 23:02:18,408 - training.trainer - INFO -   Train - Total: 93.5810, Signal: 3.8251, Class: 0.5367, Peak: 0.7738, Thresh: 79.0144
2025-08-04 23:02:18,408 - training.trainer - INFO -   Val   - Total: 80.9473, Signal: 3.8250, Class: 0.3152, Peak: 0.7503, Thresh: 69.2381
2025-08-04 23:02:18,408 - training.trainer - INFO -   LR: 2.00e-04
2025-08-04 23:03:28,235 - training.trainer - INFO - Step 825 - Total: 33.3727, Signal: 4.3010, Class: 0.3743, Peak: 0.6867, PeakLat: 2.9775, PeakAmp: 2.9206, Thresh: 54.4619
2025-08-04 23:03:28,768 - training.trainer - INFO - Step 825 - Total: 60.1324, Signal: 4.0507, Class: 0.7075, Peak: 0.7581, PeakLat: 2.9694, PeakAmp: 2.9208, Thresh: 107.7054
2025-08-04 23:03:56,622 - training.trainer - INFO - Step 850 - Total: 48.3024, Signal: 4.1590, Class: 0.6044, Peak: 0.6056, PeakLat: 2.9670, PeakAmp: 2.9207, Thresh: 84.1711
2025-08-04 23:03:57,155 - training.trainer - INFO - Step 850 - Total: 44.0560, Signal: 4.2866, Class: 0.4572, Peak: 0.7442, PeakLat: 2.9793, PeakAmp: 2.9206, Thresh: 75.6878
2025-08-04 23:04:25,022 - training.trainer - INFO - Step 875 - Total: 47.1296, Signal: 4.2213, Class: 0.5531, Peak: 0.7440, PeakLat: 3.0317, PeakAmp: 2.9211, Thresh: 81.6930
2025-08-04 23:04:25,556 - training.trainer - INFO - Step 875 - Total: 42.1005, Signal: 4.2652, Class: 0.3747, Peak: 0.7133, PeakLat: 3.0171, PeakAmp: 2.9208, Thresh: 71.8918
2025-08-04 23:04:53,443 - training.trainer - INFO - Step 900 - Total: 33.4844, Signal: 4.0332, Class: 0.3281, Peak: 0.7535, PeakLat: 2.9640, PeakAmp: 2.9210, Thresh: 55.0048
2025-08-04 23:04:53,986 - training.trainer - INFO - Step 900 - Total: 40.8969, Signal: 4.2262, Class: 0.3573, Peak: 0.7971, PeakLat: 2.9745, PeakAmp: 2.9210, Thresh: 69.5585
2025-08-04 23:05:22,246 - training.trainer - INFO - Step 925 - Total: 59.6522, Signal: 4.0335, Class: 0.4451, Peak: 0.7055, PeakLat: 2.9705, PeakAmp: 2.9213, Thresh: 107.1802
2025-08-04 23:05:22,789 - training.trainer - INFO - Step 925 - Total: 45.0682, Signal: 3.9379, Class: 0.3994, Peak: 0.7714, PeakLat: 2.9820, PeakAmp: 2.9220, Thresh: 78.1289
2025-08-04 23:05:51,023 - training.trainer - INFO - Step 950 - Total: 37.6468, Signal: 3.7703, Class: 0.2931, Peak: 0.6246, PeakLat: 2.9792, PeakAmp: 2.9219, Thresh: 63.6900
2025-08-04 23:05:51,568 - training.trainer - INFO - Step 950 - Total: 28.2965, Signal: 3.9970, Class: 0.2214, Peak: 0.7804, PeakLat: 3.0122, PeakAmp: 2.9217, Thresh: 44.7530
2025-08-04 23:06:19,662 - training.trainer - INFO - Step 975 - Total: 40.9128, Signal: 4.0652, Class: 0.4402, Peak: 0.7167, PeakLat: 2.9786, PeakAmp: 2.9215, Thresh: 69.6616
2025-08-04 23:06:20,201 - training.trainer - INFO - Step 975 - Total: 38.2712, Signal: 3.9738, Class: 0.2820, Peak: 0.7480, PeakLat: 2.9466, PeakAmp: 2.9218, Thresh: 64.7297
2025-08-04 23:06:48,104 - training.trainer - INFO - Step 1000 - Total: 51.3189, Signal: 3.8719, Class: 0.5785, Peak: 0.7137, PeakLat: 2.9535, PeakAmp: 2.9222, Thresh: 90.4903
2025-08-04 23:06:48,646 - training.trainer - INFO - Step 1000 - Total: 61.9402, Signal: 3.7136, Class: 0.7156, Peak: 0.7231, PeakLat: 2.9654, PeakAmp: 2.9216, Thresh: 111.6674
2025-08-04 23:07:16,474 - training.trainer - INFO - Step 1025 - Total: 37.6869, Signal: 3.8824, Class: 0.3653, Peak: 0.8224, PeakLat: 2.9700, PeakAmp: 2.9216, Thresh: 63.4624
2025-08-04 23:07:17,004 - training.trainer - INFO - Step 1025 - Total: 43.4744, Signal: 4.0167, Class: 0.3101, Peak: 0.7608, PeakLat: 2.9608, PeakAmp: 2.9210, Thresh: 75.0284
2025-08-04 23:07:44,866 - training.trainer - INFO - Step 1050 - Total: 52.4102, Signal: 3.9898, Class: 0.5713, Peak: 0.5748, PeakLat: 2.9695, PeakAmp: 2.8363, Thresh: 92.7193
2025-08-04 23:07:45,398 - training.trainer - INFO - Step 1050 - Total: 38.1862, Signal: 3.9168, Class: 0.3474, Peak: 0.7266, PeakLat: 2.9954, PeakAmp: 2.9218, Thresh: 64.4706
2025-08-04 23:08:13,349 - training.trainer - INFO - Step 1075 - Total: 46.6160, Signal: 3.8838, Class: 0.3541, Peak: 0.6395, PeakLat: 2.9893, PeakAmp: 2.9212, Thresh: 81.4046
2025-08-04 23:08:13,884 - training.trainer - INFO - Step 1075 - Total: 32.5037, Signal: 4.0203, Class: 0.5236, Peak: 0.6666, PeakLat: 2.9932, PeakAmp: 2.9215, Thresh: 52.7707
2025-08-04 23:08:41,869 - training.trainer - INFO - Step 1100 - Total: 48.9610, Signal: 3.6474, Class: 0.4506, Peak: 0.7543, PeakLat: 2.9557, PeakAmp: 2.9215, Thresh: 86.1689
2025-08-04 23:08:42,407 - training.trainer - INFO - Step 1100 - Total: 51.5506, Signal: 3.7452, Class: 0.4473, Peak: 0.6074, PeakLat: 3.0180, PeakAmp: 2.9216, Thresh: 91.2539
2025-08-04 23:09:10,624 - training.trainer - INFO - Step 1125 - Total: 37.6311, Signal: 3.7843, Class: 0.2885, Peak: 0.7424, PeakLat: 3.0372, PeakAmp: 2.9214, Thresh: 63.5236
2025-08-04 23:09:11,158 - training.trainer - INFO - Step 1125 - Total: 88.5303, Signal: 3.8801, Class: 0.4257, Peak: 0.5777, PeakLat: 2.9907, PeakAmp: 87.5175, Thresh: 63.6432
2025-08-04 23:09:39,057 - training.trainer - INFO - Step 1150 - Total: 38.4216, Signal: 4.1148, Class: 0.4758, Peak: 0.5968, PeakLat: 3.0202, PeakAmp: 2.9218, Thresh: 64.5860
2025-08-04 23:09:39,592 - training.trainer - INFO - Step 1150 - Total: 27.3241, Signal: 4.0308, Class: 0.2429, Peak: 0.6531, PeakLat: 2.9987, PeakAmp: 2.9212, Thresh: 42.8228
2025-08-04 23:10:07,528 - training.trainer - INFO - Step 1175 - Total: 38.8876, Signal: 4.3137, Class: 0.5248, Peak: 0.6605, PeakLat: 3.0201, PeakAmp: 2.9209, Thresh: 65.2147
2025-08-04 23:10:08,068 - training.trainer - INFO - Step 1175 - Total: 40.8631, Signal: 4.4105, Class: 0.3765, Peak: 0.7544, PeakLat: 3.0211, PeakAmp: 2.9206, Thresh: 69.2436
2025-08-04 23:10:35,994 - training.trainer - INFO - Step 1200 - Total: 45.9614, Signal: 4.2931, Class: 0.2962, Peak: 0.7567, PeakLat: 3.0261, PeakAmp: 2.9213, Thresh: 79.6702
2025-08-04 23:10:36,536 - training.trainer - INFO - Step 1200 - Total: 39.2319, Signal: 4.2038, Class: 0.4004, Peak: 0.7913, PeakLat: 2.9927, PeakAmp: 2.9216, Thresh: 66.1667
2025-08-04 23:12:33,385 - training.trainer - INFO - Epoch 3/300 Summary:
2025-08-04 23:12:33,385 - training.trainer - INFO -   Train - Total: 85.6586, Signal: 4.0340, Class: 0.4306, Peak: 0.7095, Thresh: 73.1950
2025-08-04 23:12:33,385 - training.trainer - INFO -   Val   - Total: 81.2650, Signal: 4.1503, Class: 0.2538, Peak: 0.6595, Thresh: 69.3683
2025-08-04 23:12:33,385 - training.trainer - INFO -   LR: 2.00e-04
2025-08-04 23:13:37,484 - training.trainer - INFO - Step 1225 - Total: 33.9387, Signal: 4.1588, Class: 0.2791, Peak: 0.6901, PeakLat: 3.0024, PeakAmp: 2.9218, Thresh: 55.8461
2025-08-04 23:13:38,017 - training.trainer - INFO - Step 1225 - Total: 54.0471, Signal: 4.2329, Class: 0.4734, Peak: 0.7126, PeakLat: 3.0131, PeakAmp: 2.9218, Thresh: 95.6731
2025-08-04 23:14:06,327 - training.trainer - INFO - Step 1250 - Total: 43.2856, Signal: 4.4809, Class: 0.3923, Peak: 0.7102, PeakLat: 3.0033, PeakAmp: 2.9216, Thresh: 74.0367
2025-08-04 23:14:06,875 - training.trainer - INFO - Step 1250 - Total: 43.6248, Signal: 4.0749, Class: 0.3384, Peak: 0.7009, PeakLat: 3.0243, PeakAmp: 2.9220, Thresh: 75.1810
2025-08-04 23:14:34,964 - training.trainer - INFO - Step 1275 - Total: 56.0435, Signal: 4.4100, Class: 0.4353, Peak: 0.7209, PeakLat: 3.0428, PeakAmp: 2.9215, Thresh: 99.5064
2025-08-04 23:14:35,500 - training.trainer - INFO - Step 1275 - Total: 42.5969, Signal: 4.0027, Class: 0.3301, Peak: 0.7095, PeakLat: 3.0659, PeakAmp: 2.9209, Thresh: 73.1572
2025-08-04 23:15:03,445 - training.trainer - INFO - Step 1300 - Total: 37.9516, Signal: 4.0102, Class: 0.3741, Peak: 0.7315, PeakLat: 2.9800, PeakAmp: 2.9224, Thresh: 63.8833
2025-08-04 23:15:03,977 - training.trainer - INFO - Step 1300 - Total: 34.2036, Signal: 4.1251, Class: 0.3622, Peak: 0.6374, PeakLat: 2.9895, PeakAmp: 2.9224, Thresh: 56.3259
2025-08-04 23:15:31,877 - training.trainer - INFO - Step 1325 - Total: 40.9843, Signal: 4.0585, Class: 0.2530, Peak: 0.6846, PeakLat: 2.9906, PeakAmp: 2.9231, Thresh: 70.0919
2025-08-04 23:15:32,411 - training.trainer - INFO - Step 1325 - Total: 46.1672, Signal: 4.1602, Class: 0.4369, Peak: 0.6921, PeakLat: 2.9755, PeakAmp: 2.9219, Thresh: 80.0958
2025-08-04 23:16:00,275 - training.trainer - INFO - Step 1350 - Total: 33.4389, Signal: 4.2117, Class: 0.2919, Peak: 0.7126, PeakLat: 3.0416, PeakAmp: 2.9217, Thresh: 54.7160
2025-08-04 23:16:00,816 - training.trainer - INFO - Step 1350 - Total: 38.0619, Signal: 4.0671, Class: 0.4426, Peak: 0.7203, PeakLat: 3.0413, PeakAmp: 2.9214, Thresh: 63.8773
2025-08-04 23:16:29,011 - training.trainer - INFO - Step 1375 - Total: 33.1391, Signal: 3.9845, Class: 0.3842, Peak: 0.5894, PeakLat: 3.0207, PeakAmp: 2.9226, Thresh: 54.2907
2025-08-04 23:16:29,545 - training.trainer - INFO - Step 1375 - Total: 42.6136, Signal: 3.9396, Class: 0.4299, Peak: 0.6009, PeakLat: 3.0370, PeakAmp: 2.9218, Thresh: 73.1917
2025-08-04 23:16:57,298 - training.trainer - INFO - Step 1400 - Total: 36.6046, Signal: 4.0122, Class: 0.3016, Peak: 0.6156, PeakLat: 3.1135, PeakAmp: 2.9219, Thresh: 61.1944
2025-08-04 23:16:57,824 - training.trainer - INFO - Step 1400 - Total: 48.2691, Signal: 4.0740, Class: 0.5279, Peak: 0.6873, PeakLat: 3.1059, PeakAmp: 2.9207, Thresh: 84.0966
2025-08-04 23:17:25,656 - training.trainer - INFO - Step 1425 - Total: 46.5208, Signal: 4.1560, Class: 0.2940, Peak: 0.7190, PeakLat: 3.0186, PeakAmp: 2.9216, Thresh: 80.9570
2025-08-04 23:17:26,185 - training.trainer - INFO - Step 1425 - Total: 43.4168, Signal: 4.0447, Class: 0.3197, Peak: 0.6257, PeakLat: 3.1074, PeakAmp: 2.9217, Thresh: 74.7615
2025-08-04 23:17:54,061 - training.trainer - INFO - Step 1450 - Total: 59.7346, Signal: 4.0075, Class: 0.6651, Peak: 0.7736, PeakLat: 3.0540, PeakAmp: 2.9221, Thresh: 106.9058
2025-08-04 23:17:54,594 - training.trainer - INFO - Step 1450 - Total: 39.5792, Signal: 4.0617, Class: 0.6293, Peak: 0.6901, PeakLat: 3.0479, PeakAmp: 2.9217, Thresh: 66.6441
2025-08-04 23:18:22,457 - training.trainer - INFO - Step 1475 - Total: 30.8772, Signal: 4.1547, Class: 0.2475, Peak: 0.7907, PeakLat: 2.9504, PeakAmp: 2.9220, Thresh: 49.7861
2025-08-04 23:18:22,990 - training.trainer - INFO - Step 1475 - Total: 47.5266, Signal: 4.2080, Class: 0.4116, Peak: 0.7629, PeakLat: 3.0526, PeakAmp: 2.8725, Thresh: 82.7361
2025-08-04 23:18:51,313 - training.trainer - INFO - Step 1500 - Total: 34.8714, Signal: 3.8125, Class: 0.3353, Peak: 0.7677, PeakLat: 2.9979, PeakAmp: 2.9218, Thresh: 57.9397
2025-08-04 23:18:51,840 - training.trainer - INFO - Step 1500 - Total: 37.2801, Signal: 4.1923, Class: 0.6025, Peak: 0.7091, PeakLat: 3.0363, PeakAmp: 2.9216, Thresh: 61.9599
2025-08-04 23:19:19,720 - training.trainer - INFO - Step 1525 - Total: 43.8542, Signal: 3.8686, Class: 0.3724, Peak: 0.7112, PeakLat: 3.0123, PeakAmp: 2.9220, Thresh: 75.8045
2025-08-04 23:19:20,252 - training.trainer - INFO - Step 1525 - Total: 54.1644, Signal: 3.7597, Class: 0.5822, Peak: 0.7038, PeakLat: 2.9674, PeakAmp: 2.8740, Thresh: 96.3342
2025-08-04 23:19:48,126 - training.trainer - INFO - Step 1550 - Total: 47.1838, Signal: 4.2457, Class: 0.3735, Peak: 0.7177, PeakLat: 2.9701, PeakAmp: 2.9175, Thresh: 82.1377
2025-08-04 23:19:48,664 - training.trainer - INFO - Step 1550 - Total: 40.9390, Signal: 3.8942, Class: 0.3963, Peak: 0.7917, PeakLat: 3.0108, PeakAmp: 2.8968, Thresh: 69.9042
2025-08-04 23:20:16,486 - training.trainer - INFO - Step 1575 - Total: 32.7374, Signal: 3.4966, Class: 0.2378, Peak: 0.6677, PeakLat: 2.9996, PeakAmp: 2.9215, Thresh: 54.1822
2025-08-04 23:20:17,023 - training.trainer - INFO - Step 1575 - Total: 38.4625, Signal: 3.5924, Class: 0.2524, Peak: 0.7053, PeakLat: 2.9898, PeakAmp: 2.9213, Thresh: 65.5081
2025-08-04 23:20:44,819 - training.trainer - INFO - Step 1600 - Total: 54.5490, Signal: 3.6251, Class: 0.4999, Peak: 0.6609, PeakLat: 3.0049, PeakAmp: 2.9214, Thresh: 97.2811
2025-08-04 23:20:45,353 - training.trainer - INFO - Step 1600 - Total: 34.3112, Signal: 3.5965, Class: 0.2546, Peak: 0.7767, PeakLat: 3.0168, PeakAmp: 2.9213, Thresh: 57.1298
2025-08-04 23:22:47,705 - training.trainer - INFO - Epoch 4/300 Summary:
2025-08-04 23:22:47,706 - training.trainer - INFO -   Train - Total: 83.2332, Signal: 3.9867, Class: 0.4064, Peak: 0.6990, Thresh: 70.9573
2025-08-04 23:22:47,706 - training.trainer - INFO -   Val   - Total: 80.3564, Signal: 3.3085, Class: 0.2583, Peak: 0.6771, Thresh: 69.2859
2025-08-04 23:22:47,706 - training.trainer - INFO -   LR: 2.00e-04
2025-08-04 23:23:46,002 - training.trainer - INFO - Step 1625 - Total: 44.5754, Signal: 3.7221, Class: 0.4670, Peak: 0.7013, PeakLat: 2.9959, PeakAmp: 2.9214, Thresh: 77.2769
2025-08-04 23:23:46,532 - training.trainer - INFO - Step 1625 - Total: 32.0669, Signal: 3.6033, Class: 0.3623, Peak: 0.6989, PeakLat: 2.9590, PeakAmp: 2.9038, Thresh: 52.6022
2025-08-04 23:24:14,369 - training.trainer - INFO - Step 1650 - Total: 40.8017, Signal: 3.5974, Class: 0.4205, Peak: 0.6487, PeakLat: 2.9873, PeakAmp: 2.8497, Thresh: 70.0466
2025-08-04 23:24:14,901 - training.trainer - INFO - Step 1650 - Total: 49.1494, Signal: 3.6757, Class: 0.5702, Peak: 0.7298, PeakLat: 2.9897, PeakAmp: 2.9227, Thresh: 86.3080
2025-08-04 23:24:42,786 - training.trainer - INFO - Step 1675 - Total: 43.5594, Signal: 3.2858, Class: 0.3389, Peak: 0.6270, PeakLat: 3.0177, PeakAmp: 2.8700, Thresh: 75.9459
2025-08-04 23:24:43,320 - training.trainer - INFO - Step 1675 - Total: 36.5818, Signal: 3.4033, Class: 0.2842, Peak: 0.6996, PeakLat: 3.0036, PeakAmp: 2.9117, Thresh: 61.8859
2025-08-04 23:25:11,131 - training.trainer - INFO - Step 1700 - Total: 41.3550, Signal: 3.4413, Class: 0.3603, Peak: 0.7479, PeakLat: 2.9661, PeakAmp: 2.8976, Thresh: 71.3180
2025-08-04 23:25:11,661 - training.trainer - INFO - Step 1700 - Total: 36.4779, Signal: 3.4788, Class: 0.3746, Peak: 0.7348, PeakLat: 3.0337, PeakAmp: 2.8383, Thresh: 61.5011
2025-08-04 23:25:39,491 - training.trainer - INFO - Step 1725 - Total: 48.2756, Signal: 3.5114, Class: 0.3746, Peak: 0.6983, PeakLat: 3.0126, PeakAmp: 2.8469, Thresh: 85.0973
2025-08-04 23:25:40,031 - training.trainer - INFO - Step 1725 - Total: 33.2876, Signal: 3.4257, Class: 0.3815, Peak: 0.7225, PeakLat: 2.9719, PeakAmp: 2.9213, Thresh: 55.1442
2025-08-04 23:26:07,976 - training.trainer - INFO - Step 1750 - Total: 38.3318, Signal: 3.4763, Class: 0.5442, Peak: 0.6706, PeakLat: 3.0026, PeakAmp: 2.9218, Thresh: 64.9266
2025-08-04 23:26:08,518 - training.trainer - INFO - Step 1750 - Total: 38.8738, Signal: 3.6054, Class: 0.4209, Peak: 0.6461, PeakLat: 2.9874, PeakAmp: 2.9214, Thresh: 66.0973
2025-08-04 23:26:36,613 - training.trainer - INFO - Step 1775 - Total: 31.3953, Signal: 3.6340, Class: 0.3504, Peak: 0.6823, PeakLat: 3.0216, PeakAmp: 2.9206, Thresh: 51.1593
2025-08-04 23:26:37,141 - training.trainer - INFO - Step 1775 - Total: 37.3142, Signal: 3.5054, Class: 0.2516, Peak: 0.6591, PeakLat: 3.0224, PeakAmp: 2.9213, Thresh: 63.2838
2025-08-04 23:27:04,968 - training.trainer - INFO - Step 1800 - Total: 36.6262, Signal: 3.4917, Class: 0.1939, Peak: 0.6713, PeakLat: 3.0615, PeakAmp: 2.8473, Thresh: 62.0436
2025-08-04 23:27:05,502 - training.trainer - INFO - Step 1800 - Total: 31.7392, Signal: 3.6875, Class: 0.2431, Peak: 0.6215, PeakLat: 3.0075, PeakAmp: 2.9214, Thresh: 52.0009
2025-08-04 23:27:33,387 - training.trainer - INFO - Step 1825 - Total: 41.9149, Signal: 3.4240, Class: 0.3326, Peak: 0.6888, PeakLat: 3.0199, PeakAmp: 2.9213, Thresh: 72.4331
2025-08-04 23:27:33,930 - training.trainer - INFO - Step 1825 - Total: 38.8701, Signal: 3.6088, Class: 0.3135, Peak: 0.6428, PeakLat: 3.0432, PeakAmp: 2.8669, Thresh: 66.2474
2025-08-04 23:28:01,847 - training.trainer - INFO - Step 1850 - Total: 39.5329, Signal: 3.4066, Class: 0.3301, Peak: 0.6148, PeakLat: 3.0436, PeakAmp: 6.8360, Thresh: 63.0011
2025-08-04 23:28:02,382 - training.trainer - INFO - Step 1850 - Total: 44.5902, Signal: 3.4873, Class: 0.4514, Peak: 0.7503, PeakLat: 2.9877, PeakAmp: 2.9084, Thresh: 77.5654
2025-08-04 23:28:30,319 - training.trainer - INFO - Step 1875 - Total: 35.6413, Signal: 3.5691, Class: 0.3505, Peak: 0.6451, PeakLat: 3.0028, PeakAmp: 2.9027, Thresh: 59.7786
2025-08-04 23:28:30,856 - training.trainer - INFO - Step 1875 - Total: 41.9939, Signal: 3.5959, Class: 0.4679, Peak: 0.7331, PeakLat: 3.0795, PeakAmp: 2.9205, Thresh: 72.1234
2025-08-04 23:28:58,791 - training.trainer - INFO - Step 1900 - Total: 54.1858, Signal: 3.5280, Class: 0.7294, Peak: 0.6387, PeakLat: 3.0678, PeakAmp: 2.7311, Thresh: 96.4715
2025-08-04 23:28:59,319 - training.trainer - INFO - Step 1900 - Total: 31.1039, Signal: 3.5292, Class: 0.3433, Peak: 0.7463, PeakLat: 3.0531, PeakAmp: 2.7186, Thresh: 50.8645
2025-08-04 23:29:27,259 - training.trainer - INFO - Step 1925 - Total: 35.2265, Signal: 3.5299, Class: 0.5216, Peak: 0.6397, PeakLat: 2.9889, PeakAmp: 2.8560, Thresh: 58.8069
2025-08-04 23:29:27,796 - training.trainer - INFO - Step 1925 - Total: 34.6721, Signal: 3.5370, Class: 0.2906, Peak: 0.7077, PeakLat: 3.0425, PeakAmp: 2.6369, Thresh: 58.2022
2025-08-04 23:29:56,073 - training.trainer - INFO - Step 1950 - Total: 47.3468, Signal: 3.3912, Class: 0.3743, Peak: 0.6839, PeakLat: 3.0869, PeakAmp: 2.8022, Thresh: 83.3321
2025-08-04 23:29:56,606 - training.trainer - INFO - Step 1950 - Total: 44.2052, Signal: 3.3596, Class: 0.3582, Peak: 0.6135, PeakLat: 2.9883, PeakAmp: 2.8830, Thresh: 77.1612
2025-08-04 23:30:24,470 - training.trainer - INFO - Step 1975 - Total: 48.6268, Signal: 3.4705, Class: 0.6882, Peak: 0.6883, PeakLat: 3.0072, PeakAmp: 2.8929, Thresh: 85.3264
2025-08-04 23:30:25,001 - training.trainer - INFO - Step 1975 - Total: 36.5645, Signal: 3.5651, Class: 0.4359, Peak: 0.6731, PeakLat: 3.0353, PeakAmp: 2.9035, Thresh: 61.4470
2025-08-04 23:30:52,819 - training.trainer - INFO - Step 2000 - Total: 42.0229, Signal: 3.3920, Class: 0.5203, Peak: 0.7312, PeakLat: 3.0785, PeakAmp: 2.9208, Thresh: 72.3087
2025-08-04 23:30:53,350 - training.trainer - INFO - Step 2000 - Total: 30.1685, Signal: 3.3915, Class: 0.2743, Peak: 0.6464, PeakLat: 3.0630, PeakAmp: 2.8567, Thresh: 49.1073
2025-08-04 23:31:21,182 - training.trainer - INFO - Step 2025 - Total: 39.2502, Signal: 3.4961, Class: 0.3728, Peak: 0.7208, PeakLat: 3.0073, PeakAmp: 2.8742, Thresh: 67.0269
2025-08-04 23:33:01,481 - training.trainer - INFO - Epoch 5/300 Summary:
2025-08-04 23:33:01,481 - training.trainer - INFO -   Train - Total: 81.6782, Signal: 3.5088, Class: 0.4075, Peak: 0.7107, Thresh: 69.9811
2025-08-04 23:33:01,481 - training.trainer - INFO -   Val   - Total: 80.5742, Signal: 3.4423, Class: 0.2672, Peak: 0.7134, Thresh: 69.3382
2025-08-04 23:33:01,481 - training.trainer - INFO -   LR: 2.00e-04
2025-08-04 23:33:03,477 - training.trainer - INFO - Checkpoint saved: /content/checkpoints/max_performance/checkpoint_epoch_4.pt
2025-08-04 23:34:00,298 - training.trainer - INFO - Step 2025 - Total: 47.2580, Signal: 3.5884, Class: 0.3578, Peak: 0.7314, PeakLat: 3.0940, PeakAmp: 2.9159, Thresh: 82.8132
2025-08-04 23:34:28,256 - training.trainer - INFO - Step 2050 - Total: 43.7762, Signal: 3.4791, Class: 0.3945, Peak: 0.6847, PeakLat: 3.1027, PeakAmp: 2.9200, Thresh: 75.9120
2025-08-04 23:34:28,794 - training.trainer - INFO - Step 2050 - Total: 42.5136, Signal: 3.3636, Class: 0.3270, Peak: 0.6550, PeakLat: 3.0051, PeakAmp: 2.9201, Thresh: 73.7353
2025-08-04 23:34:57,187 - training.trainer - INFO - Step 2075 - Total: 28.3660, Signal: 3.5563, Class: 0.2946, Peak: 0.6110, PeakLat: 3.0574, PeakAmp: 2.7983, Thresh: 45.4015
2025-08-04 23:34:57,743 - training.trainer - INFO - Step 2075 - Total: 35.0353, Signal: 3.4630, Class: 0.4640, Peak: 0.6106, PeakLat: 3.0643, PeakAmp: 4.5229, Thresh: 56.5016
2025-08-04 23:35:25,824 - training.trainer - INFO - Step 2100 - Total: 36.6082, Signal: 3.3487, Class: 0.4082, Peak: 0.5939, PeakLat: 3.0945, PeakAmp: 2.7974, Thresh: 61.8883
2025-08-04 23:35:26,360 - training.trainer - INFO - Step 2100 - Total: 32.3529, Signal: 3.2161, Class: 0.2170, Peak: 0.6509, PeakLat: 3.1053, PeakAmp: 2.8095, Thresh: 53.7411
2025-08-04 23:35:54,413 - training.trainer - INFO - Step 2125 - Total: 45.4058, Signal: 3.3657, Class: 0.5931, Peak: 0.6661, PeakLat: 3.0703, PeakAmp: 6.4249, Thresh: 74.8291
2025-08-04 23:35:54,949 - training.trainer - INFO - Step 2125 - Total: 45.5157, Signal: 3.5000, Class: 0.3720, Peak: 0.6266, PeakLat: 3.0636, PeakAmp: 2.6108, Thresh: 79.8509
2025-08-04 23:36:22,892 - training.trainer - INFO - Step 2150 - Total: 38.6888, Signal: 3.3991, Class: 0.3175, Peak: 0.5424, PeakLat: 3.0383, PeakAmp: 2.2140, Thresh: 66.9282
2025-08-04 23:36:23,430 - training.trainer - INFO - Step 2150 - Total: 33.2548, Signal: 3.3305, Class: 0.3298, Peak: 0.6708, PeakLat: 3.0290, PeakAmp: 2.3284, Thresh: 55.9202
2025-08-04 23:36:51,439 - training.trainer - INFO - Step 2175 - Total: 30.9377, Signal: 3.3829, Class: 0.2943, Peak: 0.6316, PeakLat: 2.9893, PeakAmp: 2.3945, Thresh: 51.2747
2025-08-04 23:36:51,971 - training.trainer - INFO - Step 2175 - Total: 54.0201, Signal: 3.3718, Class: 0.4277, Peak: 0.7792, PeakLat: 3.0029, PeakAmp: 2.5664, Thresh: 96.9541
2025-08-04 23:37:19,821 - training.trainer - INFO - Step 2200 - Total: 38.2618, Signal: 3.4648, Class: 0.3618, Peak: 0.6822, PeakLat: 2.9882, PeakAmp: 2.2929, Thresh: 65.8375
2025-08-04 23:37:20,353 - training.trainer - INFO - Step 2200 - Total: 46.1550, Signal: 3.4121, Class: 0.6161, Peak: 0.6404, PeakLat: 3.0032, PeakAmp: 2.1681, Thresh: 81.4480
2025-08-04 23:37:48,342 - training.trainer - INFO - Step 2225 - Total: 48.5837, Signal: 3.3264, Class: 0.4487, Peak: 0.5848, PeakLat: 3.0055, PeakAmp: 1.8278, Thresh: 87.0757
2025-08-04 23:37:48,880 - training.trainer - INFO - Step 2225 - Total: 37.3539, Signal: 3.4380, Class: 0.4789, Peak: 0.6051, PeakLat: 2.9710, PeakAmp: 2.0294, Thresh: 64.2485
2025-08-04 23:38:16,959 - training.trainer - INFO - Step 2250 - Total: 60.3170, Signal: 3.3069, Class: 0.7077, Peak: 0.6145, PeakLat: 2.9606, PeakAmp: 1.8357, Thresh: 110.2028
2025-08-04 23:38:17,503 - training.trainer - INFO - Step 2250 - Total: 30.0424, Signal: 3.5037, Class: 0.2605, Peak: 0.6213, PeakLat: 3.0314, PeakAmp: 1.6361, Thresh: 50.2788
2025-08-04 23:38:45,944 - training.trainer - INFO - Step 2275 - Total: 36.2570, Signal: 3.7011, Class: 0.3468, Peak: 0.6692, PeakLat: 2.9861, PeakAmp: 1.5400, Thresh: 62.5269
2025-08-04 23:38:46,475 - training.trainer - INFO - Step 2275 - Total: 29.7849, Signal: 3.6185, Class: 0.2305, Peak: 0.5269, PeakLat: 3.0345, PeakAmp: 1.7612, Thresh: 49.5874
2025-08-04 23:39:14,457 - training.trainer - INFO - Step 2300 - Total: 42.2750, Signal: 3.5247, Class: 0.2857, Peak: 0.5901, PeakLat: 3.0777, PeakAmp: 1.4759, Thresh: 74.8375
2025-08-04 23:39:14,997 - training.trainer - INFO - Step 2300 - Total: 35.9103, Signal: 3.5495, Class: 0.4631, Peak: 0.6761, PeakLat: 2.9672, PeakAmp: 1.4124, Thresh: 61.9828
2025-08-04 23:39:43,005 - training.trainer - INFO - Step 2325 - Total: 34.6470, Signal: 3.7462, Class: 0.4992, Peak: 0.5666, PeakLat: 2.9924, PeakAmp: 1.2810, Thresh: 59.3876
2025-08-04 23:39:43,536 - training.trainer - INFO - Step 2325 - Total: 42.0393, Signal: 3.5864, Class: 0.4381, Peak: 0.6149, PeakLat: 3.0064, PeakAmp: 3.0595, Thresh: 72.2486
2025-08-04 23:40:11,432 - training.trainer - INFO - Step 2350 - Total: 44.7731, Signal: 3.4520, Class: 0.3527, Peak: 0.6594, PeakLat: 2.9618, PeakAmp: 1.6796, Thresh: 79.6656
2025-08-04 23:40:11,965 - training.trainer - INFO - Step 2350 - Total: 36.5589, Signal: 3.6473, Class: 0.2693, Peak: 0.6286, PeakLat: 2.9921, PeakAmp: 1.5972, Thresh: 63.2453
2025-08-04 23:40:39,916 - training.trainer - INFO - Step 2375 - Total: 42.5358, Signal: 3.4836, Class: 0.3409, Peak: 0.5878, PeakLat: 2.9730, PeakAmp: 0.9884, Thresh: 76.0290
2025-08-04 23:40:40,446 - training.trainer - INFO - Step 2375 - Total: 42.6373, Signal: 3.3397, Class: 0.3689, Peak: 0.6316, PeakLat: 3.0246, PeakAmp: 7.3707, Thresh: 68.5914
2025-08-04 23:41:08,253 - training.trainer - INFO - Step 2400 - Total: 46.3983, Signal: 3.5799, Class: 0.4450, Peak: 0.5909, PeakLat: 2.9585, PeakAmp: 1.2434, Thresh: 83.2114
2025-08-04 23:41:08,782 - training.trainer - INFO - Step 2400 - Total: 37.2468, Signal: 3.4188, Class: 0.3582, Peak: 0.5859, PeakLat: 2.9741, PeakAmp: 1.0641, Thresh: 65.3986
2025-08-04 23:41:36,672 - training.trainer - INFO - Step 2425 - Total: 41.4390, Signal: 3.5419, Class: 0.5169, Peak: 0.5671, PeakLat: 3.0295, PeakAmp: 1.1602, Thresh: 73.2493
2025-08-04 23:41:37,199 - training.trainer - INFO - Step 2425 - Total: 40.0420, Signal: 3.4139, Class: 0.3141, Peak: 0.6701, PeakLat: 2.9726, PeakAmp: 1.0708, Thresh: 71.0119
2025-08-04 23:43:22,887 - training.trainer - INFO - Epoch 6/300 Summary:
2025-08-04 23:43:22,887 - training.trainer - INFO -   Train - Total: 80.5028, Signal: 3.4605, Class: 0.3929, Peak: 0.6285, Thresh: 69.6025
2025-08-04 23:43:22,887 - training.trainer - INFO -   Val   - Total: 78.4443, Signal: 3.6546, Class: 0.2692, Peak: 0.5973, Thresh: 69.5082
2025-08-04 23:43:22,888 - training.trainer - INFO -   LR: 2.00e-04
2025-08-04 23:44:38,706 - training.trainer - INFO - Step 2450 - Total: 30.3405, Signal: 3.4638, Class: 0.3908, Peak: 0.6785, PeakLat: 3.0401, PeakAmp: 0.8623, Thresh: 51.6088
2025-08-04 23:44:39,243 - training.trainer - INFO - Step 2450 - Total: 39.4316, Signal: 3.4271, Class: 0.3307, Peak: 0.7434, PeakLat: 2.9603, PeakAmp: 1.0894, Thresh: 69.7088
2025-08-04 23:45:07,282 - training.trainer - INFO - Step 2475 - Total: 28.5292, Signal: 3.5445, Class: 0.1516, Peak: 0.5648, PeakLat: 2.9736, PeakAmp: 0.9311, Thresh: 48.3184
2025-08-04 23:45:07,832 - training.trainer - INFO - Step 2475 - Total: 33.9398, Signal: 3.5963, Class: 0.2524, Peak: 0.5836, PeakLat: 2.9871, PeakAmp: 1.2123, Thresh: 58.5735
2025-08-04 23:45:36,037 - training.trainer - INFO - Step 2500 - Total: 40.1602, Signal: 3.3689, Class: 0.4009, Peak: 0.5686, PeakLat: 3.0178, PeakAmp: 0.8747, Thresh: 71.3949
2025-08-04 23:45:36,570 - training.trainer - INFO - Step 2500 - Total: 37.9758, Signal: 3.3864, Class: 0.4285, Peak: 0.6194, PeakLat: 2.9894, PeakAmp: 1.0423, Thresh: 66.7747
2025-08-04 23:46:04,631 - training.trainer - INFO - Step 2525 - Total: 44.4670, Signal: 3.5095, Class: 0.6268, Peak: 0.5422, PeakLat: 3.0177, PeakAmp: 0.9267, Thresh: 79.4798
2025-08-04 23:46:05,192 - training.trainer - INFO - Step 2525 - Total: 39.6398, Signal: 3.7039, Class: 0.3321, Peak: 0.5949, PeakLat: 3.0046, PeakAmp: 1.0251, Thresh: 69.9444
2025-08-04 23:46:33,192 - training.trainer - INFO - Step 2550 - Total: 43.1911, Signal: 3.7427, Class: 0.3985, Peak: 0.6518, PeakLat: 2.9594, PeakAmp: 0.9381, Thresh: 77.0388
2025-08-04 23:46:33,725 - training.trainer - INFO - Step 2550 - Total: 36.9753, Signal: 3.4372, Class: 0.2868, Peak: 0.5939, PeakLat: 3.0246, PeakAmp: 0.7656, Thresh: 65.2378
2025-08-04 23:47:01,859 - training.trainer - INFO - Step 2575 - Total: 40.8581, Signal: 3.5177, Class: 0.5153, Peak: 0.7017, PeakLat: 2.9867, PeakAmp: 0.8594, Thresh: 72.4593
2025-08-04 23:47:02,393 - training.trainer - INFO - Step 2575 - Total: 43.1846, Signal: 3.6036, Class: 0.3327, Peak: 0.5552, PeakLat: 2.9846, PeakAmp: 0.8714, Thresh: 77.3616
2025-08-04 23:47:30,544 - training.trainer - INFO - Step 2600 - Total: 26.2860, Signal: 3.5381, Class: 0.1794, Peak: 0.7235, PeakLat: 3.0201, PeakAmp: 0.8576, Thresh: 43.7499
2025-08-04 23:47:31,086 - training.trainer - INFO - Step 2600 - Total: 36.3982, Signal: 3.4152, Class: 0.4127, Peak: 0.7198, PeakLat: 3.0057, PeakAmp: 0.9549, Thresh: 63.6496
2025-08-04 23:47:59,235 - training.trainer - INFO - Step 2625 - Total: 45.5410, Signal: 3.2518, Class: 0.4214, Peak: 0.7061, PeakLat: 2.9775, PeakAmp: 1.0705, Thresh: 81.9874
2025-08-04 23:47:59,771 - training.trainer - INFO - Step 2625 - Total: 34.8360, Signal: 3.3660, Class: 0.4453, Peak: 0.6403, PeakLat: 3.0038, PeakAmp: 0.6541, Thresh: 60.9284
2025-08-04 23:48:27,677 - training.trainer - INFO - Step 2650 - Total: 36.5711, Signal: 3.5379, Class: 0.3905, Peak: 0.7113, PeakLat: 2.9671, PeakAmp: 0.7438, Thresh: 64.2099
2025-08-04 23:48:28,207 - training.trainer - INFO - Step 2650 - Total: 41.4032, Signal: 3.3166, Class: 0.4043, Peak: 0.5526, PeakLat: 3.0090, PeakAmp: 0.8901, Thresh: 73.9281
2025-08-04 23:48:56,150 - training.trainer - INFO - Step 2675 - Total: 36.4490, Signal: 3.4175, Class: 0.3569, Peak: 0.6123, PeakLat: 3.0515, PeakAmp: 0.8181, Thresh: 63.9954
2025-08-04 23:48:56,678 - training.trainer - INFO - Step 2675 - Total: 36.1393, Signal: 3.6128, Class: 0.3412, Peak: 0.6091, PeakLat: 3.0289, PeakAmp: 0.7954, Thresh: 63.2603
2025-08-04 23:49:24,560 - training.trainer - INFO - Step 2700 - Total: 50.3645, Signal: 3.2518, Class: 0.5718, Peak: 0.6844, PeakLat: 2.9594, PeakAmp: 0.6040, Thresh: 92.0012
2025-08-04 23:49:25,100 - training.trainer - INFO - Step 2700 - Total: 30.7759, Signal: 3.6061, Class: 0.2313, Peak: 0.5531, PeakLat: 2.9985, PeakAmp: 1.0498, Thresh: 52.4642
2025-08-04 23:49:53,102 - training.trainer - INFO - Step 2725 - Total: 43.5683, Signal: 3.5439, Class: 0.3166, Peak: 0.6436, PeakLat: 2.9555, PeakAmp: 0.7691, Thresh: 78.3263
2025-08-04 23:49:53,640 - training.trainer - INFO - Step 2725 - Total: 41.2700, Signal: 3.5251, Class: 0.3350, Peak: 0.5719, PeakLat: 3.0072, PeakAmp: 0.8548, Thresh: 73.5922
2025-08-04 23:50:21,552 - training.trainer - INFO - Step 2750 - Total: 34.2026, Signal: 3.3088, Class: 0.2984, Peak: 0.6784, PeakLat: 3.0228, PeakAmp: 0.9846, Thresh: 59.5007
2025-08-04 23:50:22,081 - training.trainer - INFO - Step 2750 - Total: 45.3423, Signal: 3.3733, Class: 0.3615, Peak: 0.5373, PeakLat: 2.9567, PeakAmp: 0.7630, Thresh: 82.0368
2025-08-04 23:50:50,465 - training.trainer - INFO - Step 2775 - Total: 41.3849, Signal: 3.4470, Class: 0.4028, Peak: 0.6040, PeakLat: 2.9610, PeakAmp: 0.7220, Thresh: 73.9970
2025-08-04 23:50:51,003 - training.trainer - INFO - Step 2775 - Total: 32.6256, Signal: 3.5202, Class: 0.2679, Peak: 0.5483, PeakLat: 3.0727, PeakAmp: 0.7096, Thresh: 56.5163
2025-08-04 23:51:19,111 - training.trainer - INFO - Step 2800 - Total: 32.2762, Signal: 3.4337, Class: 0.2735, Peak: 0.5637, PeakLat: 2.9783, PeakAmp: 0.8308, Thresh: 55.8557
2025-08-04 23:51:19,652 - training.trainer - INFO - Step 2800 - Total: 54.2196, Signal: 3.4496, Class: 0.7653, Peak: 0.6209, PeakLat: 2.9484, PeakAmp: 0.7257, Thresh: 99.1222
2025-08-04 23:51:47,870 - training.trainer - INFO - Step 2825 - Total: 38.8039, Signal: 3.3687, Class: 0.3529, Peak: 0.6027, PeakLat: 2.9833, PeakAmp: 0.7523, Thresh: 68.9258
2025-08-04 23:51:48,402 - training.trainer - INFO - Step 2825 - Total: 53.7666, Signal: 3.4485, Class: 0.7442, Peak: 0.6089, PeakLat: 2.9752, PeakAmp: 0.6225, Thresh: 98.3466
2025-08-04 23:53:39,343 - training.trainer - INFO - Epoch 7/300 Summary:
2025-08-04 23:53:39,343 - training.trainer - INFO -   Train - Total: 78.2500, Signal: 3.4710, Class: 0.3719, Peak: 0.6077, Thresh: 69.2781
2025-08-04 23:53:39,343 - training.trainer - INFO -   Val   - Total: 78.6690, Signal: 3.6141, Class: 0.2697, Peak: 0.6006, Thresh: 70.0399
2025-08-04 23:53:39,343 - training.trainer - INFO -   LR: 2.00e-04
2025-08-04 23:54:49,414 - training.trainer - INFO - Step 2850 - Total: 41.7322, Signal: 3.5274, Class: 0.3556, Peak: 0.6609, PeakLat: 2.9838, PeakAmp: 0.5792, Thresh: 74.7975
2025-08-04 23:54:49,949 - training.trainer - INFO - Step 2850 - Total: 41.7997, Signal: 3.5558, Class: 0.2582, Peak: 0.6312, PeakLat: 2.9825, PeakAmp: 0.7233, Thresh: 74.8938
2025-08-04 23:55:18,107 - training.trainer - INFO - Step 2875 - Total: 31.2796, Signal: 3.3833, Class: 0.3562, Peak: 0.6484, PeakLat: 3.0008, PeakAmp: 0.5677, Thresh: 54.0351
2025-08-04 23:55:18,662 - training.trainer - INFO - Step 2875 - Total: 44.5704, Signal: 3.3723, Class: 0.4253, Peak: 0.7614, PeakLat: 2.9709, PeakAmp: 0.5927, Thresh: 80.4737
2025-08-04 23:55:46,742 - training.trainer - INFO - Step 2900 - Total: 40.8021, Signal: 3.3470, Class: 0.4689, Peak: 0.6348, PeakLat: 3.0098, PeakAmp: 0.6956, Thresh: 72.7901
2025-08-04 23:55:47,283 - training.trainer - INFO - Step 2900 - Total: 35.0789, Signal: 3.4530, Class: 0.2221, Peak: 0.5607, PeakLat: 2.9551, PeakAmp: 0.6779, Thresh: 61.7316
2025-08-04 23:56:15,281 - training.trainer - INFO - Step 2925 - Total: 31.2956, Signal: 3.6212, Class: 0.2384, Peak: 0.5621, PeakLat: 2.9866, PeakAmp: 0.5655, Thresh: 54.0688
2025-08-04 23:56:15,812 - training.trainer - INFO - Step 2925 - Total: 35.5315, Signal: 3.3208, Class: 0.2138, Peak: 0.6148, PeakLat: 3.0084, PeakAmp: 0.6070, Thresh: 62.7755
2025-08-04 23:56:44,015 - training.trainer - INFO - Step 2950 - Total: 30.3079, Signal: 3.3539, Class: 0.3337, Peak: 0.5298, PeakLat: 2.9929, PeakAmp: 0.6093, Thresh: 52.1738
2025-08-04 23:56:44,544 - training.trainer - INFO - Step 2950 - Total: 32.5616, Signal: 3.3365, Class: 0.2743, Peak: 0.5669, PeakLat: 3.0060, PeakAmp: 0.6257, Thresh: 56.7339
2025-08-04 23:57:12,580 - training.trainer - INFO - Step 2975 - Total: 38.2959, Signal: 3.5181, Class: 0.2885, Peak: 0.5854, PeakLat: 2.9776, PeakAmp: 0.5977, Thresh: 68.0579
2025-08-04 23:57:13,125 - training.trainer - INFO - Step 2975 - Total: 25.7832, Signal: 3.4610, Class: 0.2480, Peak: 0.6184, PeakLat: 2.9650, PeakAmp: 0.4600, Thresh: 43.3141
2025-08-04 23:57:15,602 - training.trainer - INFO - Training interrupted by user
2025-08-04 23:57:17,181 - training.trainer - INFO - Checkpoint saved: /content/checkpoints/max_performance/interrupted_model.pt
